Determining if the function pthread_create exists in the pthreads failed with the following output:
Change Dir: /home/benjamin/pvlogweb/ctemplate/testbuild/CMakeFiles/CMakeTmp

Run Build Command:/usr/bin/make "cmTryCompileExec/fast"
/usr/bin/make -f CMakeFiles/cmTryCompileExec.dir/build.make CMakeFiles/cmTryCompileExec.dir/build
make[1]: Entering directory `/home/benjamin/pvlogweb/ctemplate/testbuild/CMakeFiles/CMakeTmp'
/usr/bin/cmake -E cmake_progress_report /home/benjamin/pvlogweb/ctemplate/testbuild/CMakeFiles/CMakeTmp/CMakeFiles 1
Building C object CMakeFiles/cmTryCompileExec.dir/CheckFunctionExists.c.o
/usr/bin/gcc   -DCHECK_FUNCTION_EXISTS=pthread_create   -o CMakeFiles/cmTryCompileExec.dir/CheckFunctionExists.c.o   -c /usr/share/cmake-2.8/Modules/CheckFunctionExists.c
Linking C executable cmTryCompileExec
/usr/bin/cmake -E cmake_link_script CMakeFiles/cmTryCompileExec.dir/link.txt --verbose=1
/usr/bin/gcc     -DCHECK_FUNCTION_EXISTS=pthread_create    CMakeFiles/cmTryCompileExec.dir/CheckFunctionExists.c.o  -o cmTryCompileExec -rdynamic -lpthreads 
/usr/bin/ld: cannot find -lpthreads
collect2: ld returned 1 exit status
make[1]: Leaving directory `/home/benjamin/pvlogweb/ctemplate/testbuild/CMakeFiles/CMakeTmp'
make[1]: *** [cmTryCompileExec] Error 1
make: *** [cmTryCompileExec/fast] Error 2


Determining if files libkern/OSByteOrder.h exist failed with the following output:
Change Dir: /home/benjamin/pvlogweb/ctemplate/testbuild/CMakeFiles/CMakeTmp

Run Build Command:/usr/bin/make "cmTryCompileExec/fast"
/usr/bin/make -f CMakeFiles/cmTryCompileExec.dir/build.make CMakeFiles/cmTryCompileExec.dir/build
make[1]: Entering directory `/home/benjamin/pvlogweb/ctemplate/testbuild/CMakeFiles/CMakeTmp'
/usr/bin/cmake -E cmake_progress_report /home/benjamin/pvlogweb/ctemplate/testbuild/CMakeFiles/CMakeTmp/CMakeFiles 1
Building C object CMakeFiles/cmTryCompileExec.dir/CheckIncludeFiles.c.o
/usr/bin/gcc    -o CMakeFiles/cmTryCompileExec.dir/CheckIncludeFiles.c.o   -c /home/benjamin/pvlogweb/ctemplate/testbuild/CMakeFiles/CMakeTmp/CheckIncludeFiles.c
/home/benjamin/pvlogweb/ctemplate/testbuild/CMakeFiles/CMakeTmp/CheckIncludeFiles.c:2:33: fatal error: libkern/OSByteOrder.h: No such file or directory
compilation terminated.
make[1]: Leaving directory `/home/benjamin/pvlogweb/ctemplate/testbuild/CMakeFiles/CMakeTmp'
make[1]: *** [CMakeFiles/cmTryCompileExec.dir/CheckIncludeFiles.c.o] Error 1
make: *** [cmTryCompileExec/fast] Error 2

Source:
/* */
#include <libkern/OSByteOrder.h>


int main(){return 0;}

Determining if files machine/endian.h exist failed with the following output:
Change Dir: /home/benjamin/pvlogweb/ctemplate/testbuild/CMakeFiles/CMakeTmp

Run Build Command:/usr/bin/make "cmTryCompileExec/fast"
/usr/bin/make -f CMakeFiles/cmTryCompileExec.dir/build.make CMakeFiles/cmTryCompileExec.dir/build
make[1]: Entering directory `/home/benjamin/pvlogweb/ctemplate/testbuild/CMakeFiles/CMakeTmp'
/usr/bin/cmake -E cmake_progress_report /home/benjamin/pvlogweb/ctemplate/testbuild/CMakeFiles/CMakeTmp/CMakeFiles 1
Building C object CMakeFiles/cmTryCompileExec.dir/CheckIncludeFiles.c.o
/usr/bin/gcc    -o CMakeFiles/cmTryCompileExec.dir/CheckIncludeFiles.c.o   -c /home/benjamin/pvlogweb/ctemplate/testbuild/CMakeFiles/CMakeTmp/CheckIncludeFiles.c
/home/benjamin/pvlogweb/ctemplate/testbuild/CMakeFiles/CMakeTmp/CheckIncludeFiles.c:2:28: fatal error: machine/endian.h: No such file or directory
compilation terminated.
make[1]: Leaving directory `/home/benjamin/pvlogweb/ctemplate/testbuild/CMakeFiles/CMakeTmp'
make[1]: *** [CMakeFiles/cmTryCompileExec.dir/CheckIncludeFiles.c.o] Error 1
make: *** [cmTryCompileExec/fast] Error 2

Source:
/* */
#include <machine/endian.h>


int main(){return 0;}

Determining if files ndir.h exist failed with the following output:
Change Dir: /home/benjamin/pvlogweb/ctemplate/testbuild/CMakeFiles/CMakeTmp

Run Build Command:/usr/bin/make "cmTryCompileExec/fast"
/usr/bin/make -f CMakeFiles/cmTryCompileExec.dir/build.make CMakeFiles/cmTryCompileExec.dir/build
make[1]: Entering directory `/home/benjamin/pvlogweb/ctemplate/testbuild/CMakeFiles/CMakeTmp'
/usr/bin/cmake -E cmake_progress_report /home/benjamin/pvlogweb/ctemplate/testbuild/CMakeFiles/CMakeTmp/CMakeFiles 1
Building C object CMakeFiles/cmTryCompileExec.dir/CheckIncludeFiles.c.o
/usr/bin/gcc    -o CMakeFiles/cmTryCompileExec.dir/CheckIncludeFiles.c.o   -c /home/benjamin/pvlogweb/ctemplate/testbuild/CMakeFiles/CMakeTmp/CheckIncludeFiles.c
/home/benjamin/pvlogweb/ctemplate/testbuild/CMakeFiles/CMakeTmp/CheckIncludeFiles.c:2:18: fatal error: ndir.h: No such file or directory
compilation terminated.
make[1]: Leaving directory `/home/benjamin/pvlogweb/ctemplate/testbuild/CMakeFiles/CMakeTmp'
make[1]: *** [CMakeFiles/cmTryCompileExec.dir/CheckIncludeFiles.c.o] Error 1
make: *** [cmTryCompileExec/fast] Error 2

Source:
/* */
#include <ndir.h>


int main(){return 0;}

Determining if files sys/byteorder.h exist failed with the following output:
Change Dir: /home/benjamin/pvlogweb/ctemplate/testbuild/CMakeFiles/CMakeTmp

Run Build Command:/usr/bin/make "cmTryCompileExec/fast"
/usr/bin/make -f CMakeFiles/cmTryCompileExec.dir/build.make CMakeFiles/cmTryCompileExec.dir/build
make[1]: Entering directory `/home/benjamin/pvlogweb/ctemplate/testbuild/CMakeFiles/CMakeTmp'
/usr/bin/cmake -E cmake_progress_report /home/benjamin/pvlogweb/ctemplate/testbuild/CMakeFiles/CMakeTmp/CMakeFiles 1
Building C object CMakeFiles/cmTryCompileExec.dir/CheckIncludeFiles.c.o
/usr/bin/gcc    -o CMakeFiles/cmTryCompileExec.dir/CheckIncludeFiles.c.o   -c /home/benjamin/pvlogweb/ctemplate/testbuild/CMakeFiles/CMakeTmp/CheckIncludeFiles.c
/home/benjamin/pvlogweb/ctemplate/testbuild/CMakeFiles/CMakeTmp/CheckIncludeFiles.c:2:27: fatal error: sys/byteorder.h: No such file or directory
compilation terminated.
make[1]: Leaving directory `/home/benjamin/pvlogweb/ctemplate/testbuild/CMakeFiles/CMakeTmp'
make[1]: *** [CMakeFiles/cmTryCompileExec.dir/CheckIncludeFiles.c.o] Error 1
make: *** [cmTryCompileExec/fast] Error 2

Source:
/* */
#include <sys/byteorder.h>


int main(){return 0;}

Determining if files sys/endian.h exist failed with the following output:
Change Dir: /home/benjamin/pvlogweb/ctemplate/testbuild/CMakeFiles/CMakeTmp

Run Build Command:/usr/bin/make "cmTryCompileExec/fast"
/usr/bin/make -f CMakeFiles/cmTryCompileExec.dir/build.make CMakeFiles/cmTryCompileExec.dir/build
make[1]: Entering directory `/home/benjamin/pvlogweb/ctemplate/testbuild/CMakeFiles/CMakeTmp'
/usr/bin/cmake -E cmake_progress_report /home/benjamin/pvlogweb/ctemplate/testbuild/CMakeFiles/CMakeTmp/CMakeFiles 1
Building C object CMakeFiles/cmTryCompileExec.dir/CheckIncludeFiles.c.o
/usr/bin/gcc    -o CMakeFiles/cmTryCompileExec.dir/CheckIncludeFiles.c.o   -c /home/benjamin/pvlogweb/ctemplate/testbuild/CMakeFiles/CMakeTmp/CheckIncludeFiles.c
/home/benjamin/pvlogweb/ctemplate/testbuild/CMakeFiles/CMakeTmp/CheckIncludeFiles.c:2:24: fatal error: sys/endian.h: No such file or directory
compilation terminated.
make[1]: Leaving directory `/home/benjamin/pvlogweb/ctemplate/testbuild/CMakeFiles/CMakeTmp'
make[1]: *** [CMakeFiles/cmTryCompileExec.dir/CheckIncludeFiles.c.o] Error 1
make: *** [cmTryCompileExec/fast] Error 2

Source:
/* */
#include <sys/endian.h>


int main(){return 0;}

Determining if files sys/isa_defs.h exist failed with the following output:
Change Dir: /home/benjamin/pvlogweb/ctemplate/testbuild/CMakeFiles/CMakeTmp

Run Build Command:/usr/bin/make "cmTryCompileExec/fast"
/usr/bin/make -f CMakeFiles/cmTryCompileExec.dir/build.make CMakeFiles/cmTryCompileExec.dir/build
make[1]: Entering directory `/home/benjamin/pvlogweb/ctemplate/testbuild/CMakeFiles/CMakeTmp'
/usr/bin/cmake -E cmake_progress_report /home/benjamin/pvlogweb/ctemplate/testbuild/CMakeFiles/CMakeTmp/CMakeFiles 1
Building C object CMakeFiles/cmTryCompileExec.dir/CheckIncludeFiles.c.o
/usr/bin/gcc    -o CMakeFiles/cmTryCompileExec.dir/CheckIncludeFiles.c.o   -c /home/benjamin/pvlogweb/ctemplate/testbuild/CMakeFiles/CMakeTmp/CheckIncludeFiles.c
/home/benjamin/pvlogweb/ctemplate/testbuild/CMakeFiles/CMakeTmp/CheckIncludeFiles.c:2:26: fatal error: sys/isa_defs.h: No such file or directory
compilation terminated.
make[1]: Leaving directory `/home/benjamin/pvlogweb/ctemplate/testbuild/CMakeFiles/CMakeTmp'
make[1]: *** [CMakeFiles/cmTryCompileExec.dir/CheckIncludeFiles.c.o] Error 1
make: *** [cmTryCompileExec/fast] Error 2

Source:
/* */
#include <sys/isa_defs.h>


int main(){return 0;}

Determining if files sys/ndir.h exist failed with the following output:
Change Dir: /home/benjamin/pvlogweb/ctemplate/testbuild/CMakeFiles/CMakeTmp

Run Build Command:/usr/bin/make "cmTryCompileExec/fast"
/usr/bin/make -f CMakeFiles/cmTryCompileExec.dir/build.make CMakeFiles/cmTryCompileExec.dir/build
make[1]: Entering directory `/home/benjamin/pvlogweb/ctemplate/testbuild/CMakeFiles/CMakeTmp'
/usr/bin/cmake -E cmake_progress_report /home/benjamin/pvlogweb/ctemplate/testbuild/CMakeFiles/CMakeTmp/CMakeFiles 1
Building C object CMakeFiles/cmTryCompileExec.dir/CheckIncludeFiles.c.o
/usr/bin/gcc    -o CMakeFiles/cmTryCompileExec.dir/CheckIncludeFiles.c.o   -c /home/benjamin/pvlogweb/ctemplate/testbuild/CMakeFiles/CMakeTmp/CheckIncludeFiles.c
/home/benjamin/pvlogweb/ctemplate/testbuild/CMakeFiles/CMakeTmp/CheckIncludeFiles.c:2:22: fatal error: sys/ndir.h: No such file or directory
compilation terminated.
make[1]: Leaving directory `/home/benjamin/pvlogweb/ctemplate/testbuild/CMakeFiles/CMakeTmp'
make[1]: *** [CMakeFiles/cmTryCompileExec.dir/CheckIncludeFiles.c.o] Error 1
make: *** [cmTryCompileExec/fast] Error 2

Source:
/* */
#include <sys/ndir.h>


int main(){return 0;}

